<?xml version="1.0" encoding="UTF-8" ?>
<testsuite tests="5" failures="0" name="cucumberOptions.TestRunner" time="0.008" errors="0" skipped="0">
  <properties>
[...]
</properties>
  <testcase classname="Scenario: Testing Login Functionality" name="Given user is on login page" time="0.007"/>
  <testcase classname="Scenario: Testing Login Functionality" name="When user enters &quot;amit&quot; and &quot;pass&quot;" time="0"/>
  <testcase classname="Scenario: Testing Login Functionality" name="Then user navigated to home page &quot;true&quot;" time="0"/>
  <testcase classname="Scenario: Testing Login Functionality" name="And Cards are displayed" time="0"/>
  <testcase classname="Scenario: Testing Login Functionality" name="Scenario: Testing Login Functionality" time="0.001"/>
</testsuite>