<?xml version="1.0" encoding="UTF-8" standalone="no"?>
<testsuite errors="0" failures="0" name="io.cucumber.core.plugin.JUnitFormatter" skipped="0" tests="1" time="0.28">
    <testcase classname="Test Login" name="Testing Login Functionality" time="0.094">
        <system-out>
            <![CDATA[Given user is on login page.................................................passed
When user enters username and password......................................passed
And clicks on login button..................................................passed
Then user navigated to home page............................................passed
]]>
        </system-out>
    </testcase>
</testsuite>
